  [1m[35m (471.1ms)[0m  [1m[35mCREATE DATABASE "ArtShare_development" ENCODING = 'unicode'[0m
  ↳ bin/rails:9
  [1m[35m (296.4ms)[0m  [1m[35mCREATE DATABASE "ArtShare_test" ENCODING = 'unicode'[0m
  ↳ bin/rails:9
  [1m[35m (6.2ms)[0m  [1m[35mCREATE TABLE "schema_migrations" ("version" character varying NOT NULL PRIMARY KEY)[0m
  ↳ bin/rails:9
  [1m[35m (3.5ms)[0m  [1m[35mCREATE TABLE "ar_internal_metadata" ("key" character varying NOT NULL PRIMARY KEY, "value" character varying, "created_at" timestamp NOT NULL, "updated_at" timestamp NOT NULL)[0m
  ↳ bin/rails:9
  [1m[35m (0.4ms)[0m  [1m[34mSELECT pg_try_advisory_lock(6770978919105658740)[0m
  ↳ bin/rails:9
  [1m[35m (0.7ms)[0m  [1m[34mSELECT "schema_migrations"."version" FROM "schema_migrations" ORDER BY "schema_migrations"."version" ASC[0m
  ↳ bin/rails:9
Migrating to CreateUser (20190128232527)
  [1m[35m (0.3ms)[0m  [1m[35mBEGIN[0m
  ↳ bin/rails:9
  [1m[35m (4.7ms)[0m  [1m[35mCREATE TABLE "users" ("id" bigserial primary key, "username" character varying NOT NULL)[0m
  ↳ db/migrate/20190128232527_create_user.rb:3
  [1m[35m (1.3ms)[0m  [1m[35mCREATE UNIQUE INDEX  "index_users_on_username" ON "users"  ("username")[0m
  ↳ db/migrate/20190128232527_create_user.rb:6
  [1m[36mActiveRecord::SchemaMigration Create (0.6ms)[0m  [1m[32mINSERT INTO "schema_migrations" ("version") VALUES ($1) RETURNING "version"[0m  [["version", "20190128232527"]]
  ↳ bin/rails:9
  [1m[35m (0.7ms)[0m  [1m[35mCOMMIT[0m
  ↳ bin/rails:9
  [1m[36mActiveRecord::InternalMetadata Load (25.6ms)[0m  [1m[34mSELECT  "ar_internal_metadata".* FROM "ar_internal_metadata" WHERE "ar_internal_metadata"."key" = $1 LIMIT $2[0m  [["key", "environment"], ["LIMIT", 1]]
  ↳ bin/rails:9
  [1m[35m (0.2ms)[0m  [1m[35mBEGIN[0m
  ↳ bin/rails:9
  [1m[36mActiveRecord::InternalMetadata Create (0.9ms)[0m  [1m[32mINSERT INTO "ar_internal_metadata" ("key", "value", "created_at", "updated_at") VALUES ($1, $2, $3, $4) RETURNING "key"[0m  [["key", "environment"], ["value", "development"], ["created_at", "2019-01-28 23:27:56.106346"], ["updated_at", "2019-01-28 23:27:56.106346"]]
  ↳ bin/rails:9
  [1m[35m (1.0ms)[0m  [1m[35mCOMMIT[0m
  ↳ bin/rails:9
  [1m[35m (1.9ms)[0m  [1m[34mSELECT pg_advisory_unlock(6770978919105658740)[0m
  ↳ bin/rails:9
  [1m[35m (0.4ms)[0m  [1m[34mSELECT "schema_migrations"."version" FROM "schema_migrations" ORDER BY "schema_migrations"."version" ASC[0m
  ↳ bin/rails:9
  [1m[35m (0.2ms)[0m  [1m[34mSELECT pg_try_advisory_lock(6770978919105658740)[0m
  ↳ bin/rails:9
  [1m[35m (1.3ms)[0m  [1m[34mSELECT "schema_migrations"."version" FROM "schema_migrations" ORDER BY "schema_migrations"."version" ASC[0m
  ↳ bin/rails:9
Migrating to CreateArtworks (20190128233012)
  [1m[35m (0.2ms)[0m  [1m[35mBEGIN[0m
  ↳ bin/rails:9
  [1m[35m (19.2ms)[0m  [1m[35mCREATE TABLE "artworks" ("id" bigserial primary key, "title" character varying NOT NULL, "img_url" character varying NOT NULL, "artist_id" integer NOT NULL, "created_at" timestamp NOT NULL, "updated_at" timestamp NOT NULL)[0m
  ↳ db/migrate/20190128233012_create_artworks.rb:3
  [1m[35m (1.1ms)[0m  [1m[35mCREATE  INDEX  "index_artworks_on_artist_id" ON "artworks"  ("artist_id")[0m
  ↳ db/migrate/20190128233012_create_artworks.rb:9
  [1m[36mActiveRecord::SchemaMigration Create (0.5ms)[0m  [1m[32mINSERT INTO "schema_migrations" ("version") VALUES ($1) RETURNING "version"[0m  [["version", "20190128233012"]]
  ↳ bin/rails:9
  [1m[35m (0.6ms)[0m  [1m[35mCOMMIT[0m
  ↳ bin/rails:9
  [1m[36mActiveRecord::InternalMetadata Load (0.8ms)[0m  [1m[34mSELECT  "ar_internal_metadata".* FROM "ar_internal_metadata" WHERE "ar_internal_metadata"."key" = $1 LIMIT $2[0m  [["key", "environment"], ["LIMIT", 1]]
  ↳ bin/rails:9
  [1m[35m (0.7ms)[0m  [1m[35mBEGIN[0m
  ↳ bin/rails:9
  [1m[35m (0.2ms)[0m  [1m[35mCOMMIT[0m
  ↳ bin/rails:9
  [1m[35m (0.3ms)[0m  [1m[34mSELECT pg_advisory_unlock(6770978919105658740)[0m
  ↳ bin/rails:9
  [1m[35m (0.3ms)[0m  [1m[34mSELECT "schema_migrations"."version" FROM "schema_migrations" ORDER BY "schema_migrations"."version" ASC[0m
  ↳ bin/rails:9
  [1m[35m (0.3ms)[0m  [1m[34mSELECT pg_try_advisory_lock(6770978919105658740)[0m
  ↳ bin/rails:9
  [1m[35m (10.9ms)[0m  [1m[34mSELECT "schema_migrations"."version" FROM "schema_migrations" ORDER BY "schema_migrations"."version" ASC[0m
  ↳ bin/rails:9
Migrating to UpdateUser (20190128233315)
  [1m[35m (0.2ms)[0m  [1m[35mBEGIN[0m
  ↳ bin/rails:9
  [1m[35m (12.7ms)[0m  [1m[35mALTER TABLE "users" ADD "created_at" timestamp NOT NULL[0m
  ↳ db/migrate/20190128233315_update_user.rb:3
  [1m[35m (0.5ms)[0m  [1m[35mALTER TABLE "users" ADD "updated_at" timestamp NOT NULL[0m
  ↳ db/migrate/20190128233315_update_user.rb:4
  [1m[36mActiveRecord::SchemaMigration Create (0.6ms)[0m  [1m[32mINSERT INTO "schema_migrations" ("version") VALUES ($1) RETURNING "version"[0m  [["version", "20190128233315"]]
  ↳ bin/rails:9
  [1m[35m (49.6ms)[0m  [1m[35mCOMMIT[0m
  ↳ bin/rails:9
  [1m[36mActiveRecord::InternalMetadata Load (0.5ms)[0m  [1m[34mSELECT  "ar_internal_metadata".* FROM "ar_internal_metadata" WHERE "ar_internal_metadata"."key" = $1 LIMIT $2[0m  [["key", "environment"], ["LIMIT", 1]]
  ↳ bin/rails:9
  [1m[35m (0.2ms)[0m  [1m[35mBEGIN[0m
  ↳ bin/rails:9
  [1m[35m (0.2ms)[0m  [1m[35mCOMMIT[0m
  ↳ bin/rails:9
  [1m[35m (0.3ms)[0m  [1m[34mSELECT pg_advisory_unlock(6770978919105658740)[0m
  ↳ bin/rails:9
  [1m[35m (0.3ms)[0m  [1m[34mSELECT "schema_migrations"."version" FROM "schema_migrations" ORDER BY "schema_migrations"."version" ASC[0m
  ↳ bin/rails:9
  [1m[35m (1.0ms)[0m  [1m[34mSELECT "schema_migrations"."version" FROM "schema_migrations" ORDER BY "schema_migrations"."version" ASC[0m
  ↳ /usr/local/var/rbenv/versions/2.5.0/bin/annotate:23
  [1m[35m (0.2ms)[0m  [1m[34mSELECT pg_try_advisory_lock(6770978919105658740)[0m
  ↳ bin/rails:9
  [1m[35m (0.9ms)[0m  [1m[34mSELECT "schema_migrations"."version" FROM "schema_migrations" ORDER BY "schema_migrations"."version" ASC[0m
  ↳ bin/rails:9
Migrating to AddIndexToArtworks (20190128234310)
  [1m[35m (0.3ms)[0m  [1m[35mBEGIN[0m
  ↳ bin/rails:9
  [1m[35m (0.2ms)[0m  [1m[31mROLLBACK[0m
  ↳ bin/rails:9
  [1m[35m (0.3ms)[0m  [1m[34mSELECT pg_advisory_unlock(6770978919105658740)[0m
  ↳ bin/rails:9
  [1m[35m (0.3ms)[0m  [1m[34mSELECT pg_try_advisory_lock(6770978919105658740)[0m
  ↳ bin/rails:9
  [1m[35m (0.9ms)[0m  [1m[34mSELECT "schema_migrations"."version" FROM "schema_migrations" ORDER BY "schema_migrations"."version" ASC[0m
  ↳ bin/rails:9
Migrating to AddIndexToArtworks (20190128234310)
  [1m[35m (0.2ms)[0m  [1m[35mBEGIN[0m
  ↳ bin/rails:9
  [1m[35m (50.4ms)[0m  [1m[35mCREATE UNIQUE INDEX  "index_artworks_on_artist_id_and_title" ON "artworks"  ("artist_id", "title")[0m
  ↳ db/migrate/20190128234310_add_index_to_artworks.rb:3
  [1m[36mActiveRecord::SchemaMigration Create (1.6ms)[0m  [1m[32mINSERT INTO "schema_migrations" ("version") VALUES ($1) RETURNING "version"[0m  [["version", "20190128234310"]]
  ↳ bin/rails:9
  [1m[35m (0.7ms)[0m  [1m[35mCOMMIT[0m
  ↳ bin/rails:9
  [1m[36mActiveRecord::InternalMetadata Load (0.5ms)[0m  [1m[34mSELECT  "ar_internal_metadata".* FROM "ar_internal_metadata" WHERE "ar_internal_metadata"."key" = $1 LIMIT $2[0m  [["key", "environment"], ["LIMIT", 1]]
  ↳ bin/rails:9
  [1m[35m (0.2ms)[0m  [1m[35mBEGIN[0m
  ↳ bin/rails:9
  [1m[35m (0.1ms)[0m  [1m[35mCOMMIT[0m
  ↳ bin/rails:9
  [1m[35m (0.3ms)[0m  [1m[34mSELECT pg_advisory_unlock(6770978919105658740)[0m
  ↳ bin/rails:9
  [1m[35m (0.3ms)[0m  [1m[34mSELECT "schema_migrations"."version" FROM "schema_migrations" ORDER BY "schema_migrations"."version" ASC[0m
  ↳ bin/rails:9
  [1m[35m (0.2ms)[0m  [1m[35mBEGIN[0m
  [1m[36mUser Exists (1.6ms)[0m  [1m[34mSELECT  1 AS one FROM "users" WHERE "users"."username" = $1 LIMIT $2[0m  [["username", "Picasso"], ["LIMIT", 1]]
  [1m[36mUser Create (1.1ms)[0m  [1m[32mINSERT INTO "users" ("username", "created_at", "updated_at") VALUES ($1, $2, $3) RETURNING "id"[0m  [["username", "Picasso"], ["created_at", "2019-01-29 00:13:34.497240"], ["updated_at", "2019-01-29 00:13:34.497240"]]
  [1m[35m (0.5ms)[0m  [1m[35mCOMMIT[0m
  [1m[36mArtwork Load (26.5ms)[0m  [1m[34mSELECT "artworks".* FROM "artworks"[0m
  [1m[36mUser Load (0.9ms)[0m  [1m[34mSELECT "users".* FROM "users"[0m
  [1m[35m (0.8ms)[0m  [1m[35mBEGIN[0m
  [1m[36mArtwork Exists (1.0ms)[0m  [1m[34mSELECT  1 AS one FROM "artworks" WHERE "artworks"."title" = $1 AND "artworks"."artist_id" = $2 LIMIT $3[0m  [["title", "Four Eyes"], ["artist_id", 1], ["LIMIT", 1]]
  [1m[36mUser Load (0.3ms)[0m  [1m[34mSELECT  "users".* FROM "users" WHERE "users"."id" = $1 LIMIT $2[0m  [["id", 1], ["LIMIT", 1]]
  [1m[36mArtwork Create (27.6ms)[0m  [1m[32mINSERT INTO "artworks" ("title", "img_url", "artist_id", "created_at", "updated_at") VALUES ($1, $2, $3, $4, $5) RETURNING "id"[0m  [["title", "Four Eyes"], ["img_url", "Placeholder"], ["artist_id", 1], ["created_at", "2019-01-29 00:16:18.885569"], ["updated_at", "2019-01-29 00:16:18.885569"]]
  [1m[35m (1.4ms)[0m  [1m[35mCOMMIT[0m
  [1m[36mUser Load (0.3ms)[0m  [1m[34mSELECT  "users".* FROM "users" ORDER BY "users"."id" ASC LIMIT $1[0m  [["LIMIT", 1]]
  [1m[36mArtwork Load (0.4ms)[0m  [1m[34mSELECT "artworks".* FROM "artworks" WHERE "artworks"."artist_id" = $1[0m  [["artist_id", 1]]
  [1m[36mArtwork Load (0.3ms)[0m  [1m[34mSELECT  "artworks".* FROM "artworks" ORDER BY "artworks"."id" ASC LIMIT $1[0m  [["LIMIT", 1]]
  [1m[36mArtwork Load (0.3ms)[0m  [1m[34mSELECT  "artworks".* FROM "artworks" ORDER BY "artworks"."id" ASC LIMIT $1[0m  [["LIMIT", 1]]
  [1m[36mUser Load (0.3ms)[0m  [1m[34mSELECT  "users".* FROM "users" WHERE "users"."id" = $1 LIMIT $2[0m  [["id", 1], ["LIMIT", 1]]
  [1m[35m (0.2ms)[0m  [1m[35mBEGIN[0m
  [1m[36mArtwork Exists (0.5ms)[0m  [1m[34mSELECT  1 AS one FROM "artworks" WHERE "artworks"."title" = $1 AND "artworks"."artist_id" = $2 LIMIT $3[0m  [["title", "Four Eyes"], ["artist_id", 1], ["LIMIT", 1]]
  [1m[36mUser Load (0.5ms)[0m  [1m[34mSELECT  "users".* FROM "users" WHERE "users"."id" = $1 LIMIT $2[0m  [["id", 1], ["LIMIT", 1]]
  [1m[35m (0.3ms)[0m  [1m[31mROLLBACK[0m
  [1m[35m (0.3ms)[0m  [1m[34mSELECT pg_try_advisory_lock(6770978919105658740)[0m
  ↳ bin/rails:9
  [1m[35m (1.1ms)[0m  [1m[34mSELECT "schema_migrations"."version" FROM "schema_migrations" ORDER BY "schema_migrations"."version" ASC[0m
  ↳ bin/rails:9
Migrating to CreateArtworkShares (20190129001830)
  [1m[35m (0.2ms)[0m  [1m[35mBEGIN[0m
  ↳ bin/rails:9
  [1m[35m (33.7ms)[0m  [1m[35mCREATE TABLE "artwork_shares" ("id" bigserial primary key, "artwork_id" integer NOT NULL, "viewer_id" integer NOT NULL, "created_at" timestamp NOT NULL, "updated_at" timestamp NOT NULL)[0m
  ↳ db/migrate/20190129001830_create_artwork_shares.rb:3
  [1m[35m (1.7ms)[0m  [1m[31mROLLBACK[0m
  ↳ bin/rails:9
  [1m[35m (0.3ms)[0m  [1m[34mSELECT pg_advisory_unlock(6770978919105658740)[0m
  ↳ bin/rails:9
  [1m[35m (0.3ms)[0m  [1m[34mSELECT pg_try_advisory_lock(6770978919105658740)[0m
  ↳ bin/rails:9
  [1m[35m (0.9ms)[0m  [1m[34mSELECT "schema_migrations"."version" FROM "schema_migrations" ORDER BY "schema_migrations"."version" ASC[0m
  ↳ bin/rails:9
Migrating to CreateArtworkShares (20190129001830)
  [1m[35m (0.3ms)[0m  [1m[34mSELECT pg_advisory_unlock(6770978919105658740)[0m
  ↳ bin/rails:9
  [1m[35m (0.3ms)[0m  [1m[34mSELECT pg_try_advisory_lock(6770978919105658740)[0m
  ↳ bin/rails:9
  [1m[35m (1.1ms)[0m  [1m[34mSELECT "schema_migrations"."version" FROM "schema_migrations" ORDER BY "schema_migrations"."version" ASC[0m
  ↳ bin/rails:9
Migrating to CreateArtworkShares (20190129001830)
  [1m[35m (0.2ms)[0m  [1m[35mBEGIN[0m
  ↳ bin/rails:9
  [1m[35m (59.9ms)[0m  [1m[35mCREATE TABLE "artwork_shares" ("id" bigserial primary key, "artwork_id" integer NOT NULL, "viewer_id" integer NOT NULL, "created_at" timestamp NOT NULL, "updated_at" timestamp NOT NULL)[0m
  ↳ db/migrate/20190129001830_create_artwork_shares.rb:3
  [1m[35m (1.3ms)[0m  [1m[35mCREATE  INDEX  "index_artwork_shares_on_artwork_id" ON "artwork_shares"  ("artwork_id")[0m
  ↳ db/migrate/20190129001830_create_artwork_shares.rb:8
  [1m[35m (1.3ms)[0m  [1m[35mCREATE  INDEX  "index_artwork_shares_on_viewer_id" ON "artwork_shares"  ("viewer_id")[0m
  ↳ db/migrate/20190129001830_create_artwork_shares.rb:9
  [1m[36mActiveRecord::SchemaMigration Create (0.5ms)[0m  [1m[32mINSERT INTO "schema_migrations" ("version") VALUES ($1) RETURNING "version"[0m  [["version", "20190129001830"]]
  ↳ bin/rails:9
  [1m[35m (0.8ms)[0m  [1m[35mCOMMIT[0m
  ↳ bin/rails:9
  [1m[36mActiveRecord::InternalMetadata Load (0.5ms)[0m  [1m[34mSELECT  "ar_internal_metadata".* FROM "ar_internal_metadata" WHERE "ar_internal_metadata"."key" = $1 LIMIT $2[0m  [["key", "environment"], ["LIMIT", 1]]
  ↳ bin/rails:9
  [1m[35m (0.2ms)[0m  [1m[35mBEGIN[0m
  ↳ bin/rails:9
  [1m[35m (0.6ms)[0m  [1m[35mCOMMIT[0m
  ↳ bin/rails:9
  [1m[35m (0.6ms)[0m  [1m[34mSELECT pg_advisory_unlock(6770978919105658740)[0m
  ↳ bin/rails:9
  [1m[35m (0.3ms)[0m  [1m[34mSELECT "schema_migrations"."version" FROM "schema_migrations" ORDER BY "schema_migrations"."version" ASC[0m
  ↳ bin/rails:9
  [1m[35m (0.9ms)[0m  [1m[34mSELECT "schema_migrations"."version" FROM "schema_migrations" ORDER BY "schema_migrations"."version" ASC[0m
  ↳ /usr/local/var/rbenv/versions/2.5.0/bin/annotate:23
  [1m[35m (0.2ms)[0m  [1m[34mSELECT pg_try_advisory_lock(6770978919105658740)[0m
  ↳ bin/rails:9
  [1m[35m (0.9ms)[0m  [1m[34mSELECT "schema_migrations"."version" FROM "schema_migrations" ORDER BY "schema_migrations"."version" ASC[0m
  ↳ bin/rails:9
Migrating to AddIndexToArtworkShares (20190129002438)
  [1m[35m (0.5ms)[0m  [1m[34mSELECT pg_advisory_unlock(6770978919105658740)[0m
  ↳ bin/rails:9
  [1m[35m (0.2ms)[0m  [1m[34mSELECT pg_try_advisory_lock(6770978919105658740)[0m
  ↳ bin/rails:9
  [1m[35m (0.9ms)[0m  [1m[34mSELECT "schema_migrations"."version" FROM "schema_migrations" ORDER BY "schema_migrations"."version" ASC[0m
  ↳ bin/rails:9
Migrating to AddIndexToArtworkShares (20190129002438)
  [1m[35m (0.2ms)[0m  [1m[35mBEGIN[0m
  ↳ bin/rails:9
  [1m[35m (48.4ms)[0m  [1m[35mCREATE UNIQUE INDEX  "index_artwork_shares_on_viewer_id_and_artwork_id" ON "artwork_shares"  ("viewer_id", "artwork_id")[0m
  ↳ db/migrate/20190129002438_add_index_to_artwork_shares.rb:3
  [1m[36mActiveRecord::SchemaMigration Create (0.9ms)[0m  [1m[32mINSERT INTO "schema_migrations" ("version") VALUES ($1) RETURNING "version"[0m  [["version", "20190129002438"]]
  ↳ bin/rails:9
  [1m[35m (0.8ms)[0m  [1m[35mCOMMIT[0m
  ↳ bin/rails:9
  [1m[36mActiveRecord::InternalMetadata Load (0.5ms)[0m  [1m[34mSELECT  "ar_internal_metadata".* FROM "ar_internal_metadata" WHERE "ar_internal_metadata"."key" = $1 LIMIT $2[0m  [["key", "environment"], ["LIMIT", 1]]
  ↳ bin/rails:9
  [1m[35m (0.2ms)[0m  [1m[35mBEGIN[0m
  ↳ bin/rails:9
  [1m[35m (0.2ms)[0m  [1m[35mCOMMIT[0m
  ↳ bin/rails:9
  [1m[35m (0.8ms)[0m  [1m[34mSELECT pg_advisory_unlock(6770978919105658740)[0m
  ↳ bin/rails:9
  [1m[35m (1.1ms)[0m  [1m[34mSELECT "schema_migrations"."version" FROM "schema_migrations" ORDER BY "schema_migrations"."version" ASC[0m
  ↳ bin/rails:9
  [1m[35m (14.3ms)[0m  [1m[34mSELECT "schema_migrations"."version" FROM "schema_migrations" ORDER BY "schema_migrations"."version" ASC[0m
  ↳ bin/rails:9
  [1m[35m (0.2ms)[0m  [1m[35mBEGIN[0m
  ↳ db/seeds.rb:9
  [1m[35m (0.2ms)[0m  [1m[31mROLLBACK[0m
  ↳ db/seeds.rb:9
  [1m[35m (0.9ms)[0m  [1m[34mSELECT "schema_migrations"."version" FROM "schema_migrations" ORDER BY "schema_migrations"."version" ASC[0m
  ↳ bin/rails:9
  [1m[35m (0.3ms)[0m  [1m[35mBEGIN[0m
  ↳ db/seeds.rb:9
  [1m[36mUser Load (0.8ms)[0m  [1m[34mSELECT "users".* FROM "users"[0m
  ↳ db/seeds.rb:10
  [1m[36mUser Destroy (0.7ms)[0m  [1m[31mDELETE FROM "users" WHERE "users"."id" = $1[0m  [["id", 1]]
  ↳ db/seeds.rb:10
  [1m[36mUser Exists (0.7ms)[0m  [1m[34mSELECT  1 AS one FROM "users" WHERE "users"."username" = $1 LIMIT $2[0m  [["username", "Picasso"], ["LIMIT", 1]]
  ↳ db/seeds.rb:12
  [1m[36mUser Create (0.6ms)[0m  [1m[32mINSERT INTO "users" ("username", "created_at", "updated_at") VALUES ($1, $2, $3) RETURNING "id"[0m  [["username", "Picasso"], ["created_at", "2019-01-29 00:40:01.913754"], ["updated_at", "2019-01-29 00:40:01.913754"]]
  ↳ db/seeds.rb:12
  [1m[36mUser Exists (0.4ms)[0m  [1m[34mSELECT  1 AS one FROM "users" WHERE "users"."username" = $1 LIMIT $2[0m  [["username", "Da Vinci"], ["LIMIT", 1]]
  ↳ db/seeds.rb:13
  [1m[36mUser Create (0.4ms)[0m  [1m[32mINSERT INTO "users" ("username", "created_at", "updated_at") VALUES ($1, $2, $3) RETURNING "id"[0m  [["username", "Da Vinci"], ["created_at", "2019-01-29 00:40:01.916635"], ["updated_at", "2019-01-29 00:40:01.916635"]]
  ↳ db/seeds.rb:13
  [1m[36mUser Exists (0.3ms)[0m  [1m[34mSELECT  1 AS one FROM "users" WHERE "users"."username" = $1 LIMIT $2[0m  [["username", "Hokusai"], ["LIMIT", 1]]
  ↳ db/seeds.rb:14
  [1m[36mUser Create (0.3ms)[0m  [1m[32mINSERT INTO "users" ("username", "created_at", "updated_at") VALUES ($1, $2, $3) RETURNING "id"[0m  [["username", "Hokusai"], ["created_at", "2019-01-29 00:40:01.918643"], ["updated_at", "2019-01-29 00:40:01.918643"]]
  ↳ db/seeds.rb:14
  [1m[36mArtwork Load (0.7ms)[0m  [1m[34mSELECT "artworks".* FROM "artworks"[0m
  ↳ db/seeds.rb:16
  [1m[36mArtwork Destroy (0.6ms)[0m  [1m[31mDELETE FROM "artworks" WHERE "artworks"."id" = $1[0m  [["id", 1]]
  ↳ db/seeds.rb:16
  [1m[36mArtwork Exists (0.5ms)[0m  [1m[34mSELECT  1 AS one FROM "artworks" WHERE "artworks"."title" = $1 AND "artworks"."artist_id" = $2 LIMIT $3[0m  [["title", "Girl Before a Mirror"], ["artist_id", 2], ["LIMIT", 1]]
  ↳ db/seeds.rb:18
  [1m[36mUser Load (0.3ms)[0m  [1m[34mSELECT  "users".* FROM "users" WHERE "users"."id" = $1 LIMIT $2[0m  [["id", 2], ["LIMIT", 1]]
  ↳ db/seeds.rb:18
  [1m[36mArtwork Create (0.6ms)[0m  [1m[32mINSERT INTO "artworks" ("title", "img_url", "artist_id", "created_at", "updated_at") VALUES ($1, $2, $3, $4, $5) RETURNING "id"[0m  [["title", "Girl Before a Mirror"], ["img_url", "https://www.pablopicasso.org/images/paintings/girl-before-a-mirror.jpg"], ["artist_id", 2], ["created_at", "2019-01-29 00:40:02.002622"], ["updated_at", "2019-01-29 00:40:02.002622"]]
  ↳ db/seeds.rb:18
  [1m[36mArtwork Exists (0.5ms)[0m  [1m[34mSELECT  1 AS one FROM "artworks" WHERE "artworks"."title" = $1 AND "artworks"."artist_id" = $2 LIMIT $3[0m  [["title", "Mona Lisa"], ["artist_id", 3], ["LIMIT", 1]]
  ↳ db/seeds.rb:19
  [1m[36mUser Load (0.4ms)[0m  [1m[34mSELECT  "users".* FROM "users" WHERE "users"."id" = $1 LIMIT $2[0m  [["id", 3], ["LIMIT", 1]]
  ↳ db/seeds.rb:19
  [1m[36mArtwork Create (0.5ms)[0m  [1m[32mINSERT INTO "artworks" ("title", "img_url", "artist_id", "created_at", "updated_at") VALUES ($1, $2, $3, $4, $5) RETURNING "id"[0m  [["title", "Mona Lisa"], ["img_url", "https://upload.wikimedia.org/wikipedia/commons/thumb/e/ec/Mona_Lisa%2C_by_Leonardo_da_Vinci%2C_from_C2RMF_retouched.jpg/450px-Mona_Lisa%2C_by_Leonardo_da_Vinci%2C_from_C2RMF_retouched.jpg"], ["artist_id", 3], ["created_at", "2019-01-29 00:40:02.007350"], ["updated_at", "2019-01-29 00:40:02.007350"]]
  ↳ db/seeds.rb:19
  [1m[36mArtwork Exists (0.4ms)[0m  [1m[34mSELECT  1 AS one FROM "artworks" WHERE "artworks"."title" = $1 AND "artworks"."artist_id" = $2 LIMIT $3[0m  [["title", "Great Wave Off Kanagawa"], ["artist_id", 4], ["LIMIT", 1]]
  ↳ db/seeds.rb:20
  [1m[36mUser Load (0.3ms)[0m  [1m[34mSELECT  "users".* FROM "users" WHERE "users"."id" = $1 LIMIT $2[0m  [["id", 4], ["LIMIT", 1]]
  ↳ db/seeds.rb:20
  [1m[36mArtwork Create (0.4ms)[0m  [1m[32mINSERT INTO "artworks" ("title", "img_url", "artist_id", "created_at", "updated_at") VALUES ($1, $2, $3, $4, $5) RETURNING "id"[0m  [["title", "Great Wave Off Kanagawa"], ["img_url", "https://upload.wikimedia.org/wikipedia/commons/thumb/a/a5/Tsunami_by_hokusai_19th_century.jpg/525px-Tsunami_by_hokusai_19th_century.jpg"], ["artist_id", 4], ["created_at", "2019-01-29 00:40:02.011038"], ["updated_at", "2019-01-29 00:40:02.011038"]]
  ↳ db/seeds.rb:20
  [1m[36mArtworkShare Load (13.7ms)[0m  [1m[34mSELECT "artwork_shares".* FROM "artwork_shares"[0m
  ↳ db/seeds.rb:22
  [1m[36mArtwork Load (0.4ms)[0m  [1m[34mSELECT  "artworks".* FROM "artworks" WHERE "artworks"."id" = $1 LIMIT $2[0m  [["id", 3], ["LIMIT", 1]]
  ↳ db/seeds.rb:24
  [1m[36mUser Load (0.4ms)[0m  [1m[34mSELECT  "users".* FROM "users" WHERE "users"."id" = $1 LIMIT $2[0m  [["id", 2], ["LIMIT", 1]]
  ↳ db/seeds.rb:24
  [1m[36mArtworkShare Create (0.7ms)[0m  [1m[32mINSERT INTO "artwork_shares" ("artwork_id", "viewer_id", "created_at", "updated_at") VALUES ($1, $2, $3, $4) RETURNING "id"[0m  [["artwork_id", 3], ["viewer_id", 2], ["created_at", "2019-01-29 00:40:02.065084"], ["updated_at", "2019-01-29 00:40:02.065084"]]
  ↳ db/seeds.rb:24
  [1m[36mArtwork Load (0.3ms)[0m  [1m[34mSELECT  "artworks".* FROM "artworks" WHERE "artworks"."id" = $1 LIMIT $2[0m  [["id", 4], ["LIMIT", 1]]
  ↳ db/seeds.rb:25
  [1m[36mUser Load (0.2ms)[0m  [1m[34mSELECT  "users".* FROM "users" WHERE "users"."id" = $1 LIMIT $2[0m  [["id", 3], ["LIMIT", 1]]
  ↳ db/seeds.rb:25
  [1m[36mArtworkShare Create (0.4ms)[0m  [1m[32mINSERT INTO "artwork_shares" ("artwork_id", "viewer_id", "created_at", "updated_at") VALUES ($1, $2, $3, $4) RETURNING "id"[0m  [["artwork_id", 4], ["viewer_id", 3], ["created_at", "2019-01-29 00:40:02.068761"], ["updated_at", "2019-01-29 00:40:02.068761"]]
  ↳ db/seeds.rb:25
  [1m[36mArtwork Load (0.3ms)[0m  [1m[34mSELECT  "artworks".* FROM "artworks" WHERE "artworks"."id" = $1 LIMIT $2[0m  [["id", 2], ["LIMIT", 1]]
  ↳ db/seeds.rb:26
  [1m[36mUser Load (0.2ms)[0m  [1m[34mSELECT  "users".* FROM "users" WHERE "users"."id" = $1 LIMIT $2[0m  [["id", 4], ["LIMIT", 1]]
  ↳ db/seeds.rb:26
  [1m[36mArtworkShare Create (0.4ms)[0m  [1m[32mINSERT INTO "artwork_shares" ("artwork_id", "viewer_id", "created_at", "updated_at") VALUES ($1, $2, $3, $4) RETURNING "id"[0m  [["artwork_id", 2], ["viewer_id", 4], ["created_at", "2019-01-29 00:40:02.071946"], ["updated_at", "2019-01-29 00:40:02.071946"]]
  ↳ db/seeds.rb:26
  [1m[35m (0.7ms)[0m  [1m[35mCOMMIT[0m
  ↳ db/seeds.rb:9
  [1m[36mUser Load (0.8ms)[0m  [1m[34mSELECT "users".* FROM "users"[0m
  [1m[36mArtwork Load (1.0ms)[0m  [1m[34mSELECT "artworks".* FROM "artworks"[0m
  [1m[36mArtworkShare Load (0.9ms)[0m  [1m[34mSELECT "artwork_shares".* FROM "artwork_shares"[0m
  [1m[36mUser Load (0.5ms)[0m  [1m[34mSELECT  "users".* FROM "users" ORDER BY "users"."id" ASC LIMIT $1[0m  [["LIMIT", 1]]
  [1m[36mArtwork Load (0.7ms)[0m  [1m[34mSELECT "artworks".* FROM "artworks" INNER JOIN "artwork_shares" ON "artworks"."id" = "artwork_shares"."artwork_id" WHERE "artwork_shares"."viewer_id" = $1[0m  [["viewer_id", 2]]
  [1m[36mArtwork Load (0.4ms)[0m  [1m[34mSELECT  "artworks".* FROM "artworks" ORDER BY "artworks"."id" ASC LIMIT $1[0m  [["LIMIT", 1]]
  [1m[36mUser Load (0.6ms)[0m  [1m[34mSELECT "users".* FROM "users" INNER JOIN "artwork_shares" ON "users"."id" = "artwork_shares"."viewer_id" WHERE "artwork_shares"."artwork_id" = $1[0m  [["artwork_id", 2]]
Started GET "/users" for 127.0.0.1 at 2019-01-28 16:44:24 -0800
  [1m[35m (1.4ms)[0m  [1m[34mSELECT "schema_migrations"."version" FROM "schema_migrations" ORDER BY "schema_migrations"."version" ASC[0m
  ↳ /usr/local/var/rbenv/versions/2.5.0/lib/ruby/gems/2.5.0/gems/activerecord-5.2.2/lib/active_record/log_subscriber.rb:98
Processing by UsersController#index as */*
Completed 500 Internal Server Error in 25ms (ActiveRecord: 0.0ms)



LoadError - Unable to autoload constant User, expected /Users/appacademy/Desktop/W4D1/ArtShare/app/controllers/concerns/user.rb to define it:
  app/controllers/users_controller.rb:4:in `index'

Started GET "/users" for 127.0.0.1 at 2019-01-28 16:47:15 -0800
  [1m[35m (1.2ms)[0m  [1m[34mSELECT "schema_migrations"."version" FROM "schema_migrations" ORDER BY "schema_migrations"."version" ASC[0m
  ↳ /usr/local/var/rbenv/versions/2.5.0/lib/ruby/gems/2.5.0/gems/activerecord-5.2.2/lib/active_record/log_subscriber.rb:98
Processing by UsersController#index as */*
  [1m[36mUser Load (0.7ms)[0m  [1m[34mSELECT "users".* FROM "users"[0m
  ↳ app/controllers/users_controller.rb:5
Completed 200 OK in 62ms (Views: 29.3ms | ActiveRecord: 7.2ms)


Started GET "/users/1" for 127.0.0.1 at 2019-01-28 16:50:54 -0800
Processing by UsersController#show as */*
  Parameters: {"id"=>"1"}
  [1m[36mUser Load (0.4ms)[0m  [1m[34mSELECT  "users".* FROM "users" WHERE "users"."id" = $1 LIMIT $2[0m  [["id", 1], ["LIMIT", 1]]
  ↳ app/controllers/users_controller.rb:18
Completed 404 Not Found in 63ms (ActiveRecord: 8.6ms)



ActiveRecord::RecordNotFound - Couldn't find User with 'id'=1:
  app/controllers/users_controller.rb:18:in `show'

Started GET "/users/1" for 127.0.0.1 at 2019-01-28 16:51:31 -0800
Processing by UsersController#show as */*
  Parameters: {"id"=>"1"}
  [1m[36mUser Load (0.4ms)[0m  [1m[34mSELECT  "users".* FROM "users" WHERE "users"."id" = $1 LIMIT $2[0m  [["id", 1], ["LIMIT", 1]]
  ↳ app/controllers/users_controller.rb:18
Completed 404 Not Found in 47ms (ActiveRecord: 5.7ms)



ActiveRecord::RecordNotFound - Couldn't find User with 'id'=1:
  app/controllers/users_controller.rb:18:in `show'

Started GET "/users/2" for 127.0.0.1 at 2019-01-28 16:52:00 -0800
Processing by UsersController#show as */*
  Parameters: {"id"=>"2"}
  [1m[36mUser Load (0.5ms)[0m  [1m[34mSELECT  "users".* FROM "users" WHERE "users"."id" = $1 LIMIT $2[0m  [["id", 2], ["LIMIT", 1]]
  ↳ app/controllers/users_controller.rb:18
Completed 200 OK in 21ms (Views: 0.5ms | ActiveRecord: 8.6ms)


Started GET "/artworks" for 127.0.0.1 at 2019-01-28 16:55:42 -0800
Processing by ArtworksController#index as */*
  [1m[36mArtwork Load (1.2ms)[0m  [1m[34mSELECT "artworks".* FROM "artworks"[0m
  ↳ app/controllers/artworks_controller.rb:5
Completed 200 OK in 84ms (Views: 7.1ms | ActiveRecord: 6.4ms)


  [1m[36mArtworkShare Load (1.8ms)[0m  [1m[34mSELECT "artwork_shares".* FROM "artwork_shares"[0m
Started GET "/users/1" for 127.0.0.1 at 2019-01-28 17:03:42 -0800
Processing by UsersController#show as */*
  Parameters: {"id"=>"1"}
  [1m[36mUser Load (0.5ms)[0m  [1m[34mSELECT  "users".* FROM "users" WHERE "users"."id" = $1 LIMIT $2[0m  [["id", 1], ["LIMIT", 1]]
  ↳ app/controllers/users_controller.rb:18
Completed 500 Internal Server Error in 37ms (ActiveRecord: 5.2ms)



NoMethodError - undefined method `errors' for nil:NilClass:
  app/controllers/users_controller.rb:22:in `show'

Started GET "/users/" for 127.0.0.1 at 2019-01-28 17:04:22 -0800
Processing by UsersController#index as */*
  [1m[36mUser Load (0.6ms)[0m  [1m[34mSELECT "users".* FROM "users"[0m
  ↳ app/controllers/users_controller.rb:5
Completed 200 OK in 14ms (Views: 7.6ms | ActiveRecord: 6.1ms)


Started GET "/users/2" for 127.0.0.1 at 2019-01-28 17:04:27 -0800
Processing by UsersController#show as */*
  Parameters: {"id"=>"2"}
  [1m[36mUser Load (0.4ms)[0m  [1m[34mSELECT  "users".* FROM "users" WHERE "users"."id" = $1 LIMIT $2[0m  [["id", 2], ["LIMIT", 1]]
  ↳ app/controllers/users_controller.rb:18
Completed 200 OK in 2ms (Views: 0.4ms | ActiveRecord: 0.4ms)


Started GET "/users/create?users[username]=test" for 127.0.0.1 at 2019-01-28 17:04:57 -0800
Processing by UsersController#show as */*
  Parameters: {"users"=>{"username"=>"test"}, "id"=>"create"}
  [1m[36mUser Load (0.4ms)[0m  [1m[34mSELECT  "users".* FROM "users" WHERE "users"."id" = $1 LIMIT $2[0m  [["id", 0], ["LIMIT", 1]]
  ↳ app/controllers/users_controller.rb:18
Completed 500 Internal Server Error in 3ms (ActiveRecord: 0.4ms)



NoMethodError - undefined method `errors' for nil:NilClass:
  app/controllers/users_controller.rb:22:in `show'

Started POST "/users/create?users[username]=test" for 127.0.0.1 at 2019-01-28 17:05:05 -0800
  
ActionController::RoutingError (No route matches [POST] "/users/create"):
  
actionpack (5.2.2) lib/action_dispatch/middleware/debug_exceptions.rb:65:in `call'
web-console (3.7.0) lib/web_console/middleware.rb:135:in `call_app'
web-console (3.7.0) lib/web_console/middleware.rb:30:in `block in call'
web-console (3.7.0) lib/web_console/middleware.rb:20:in `catch'
web-console (3.7.0) lib/web_console/middleware.rb:20:in `call'
actionpack (5.2.2) lib/action_dispatch/middleware/show_exceptions.rb:33:in `call'
railties (5.2.2) lib/rails/rack/logger.rb:38:in `call_app'
railties (5.2.2) lib/rails/rack/logger.rb:26:in `block in call'
activesupport (5.2.2) lib/active_support/tagged_logging.rb:71:in `block in tagged'
activesupport (5.2.2) lib/active_support/tagged_logging.rb:28:in `tagged'
activesupport (5.2.2) lib/active_support/tagged_logging.rb:71:in `tagged'
railties (5.2.2) lib/rails/rack/logger.rb:26:in `call'
sprockets-rails (3.2.1) lib/sprockets/rails/quiet_assets.rb:13:in `call'
actionpack (5.2.2) lib/action_dispatch/middleware/remote_ip.rb:81:in `call'
actionpack (5.2.2) lib/action_dispatch/middleware/request_id.rb:27:in `call'
rack (2.0.6) lib/rack/method_override.rb:22:in `call'
rack (2.0.6) lib/rack/runtime.rb:22:in `call'
activesupport (5.2.2) lib/active_support/cache/strategy/local_cache_middleware.rb:29:in `call'
actionpack (5.2.2) lib/action_dispatch/middleware/executor.rb:14:in `call'
actionpack (5.2.2) lib/action_dispatch/middleware/static.rb:127:in `call'
rack (2.0.6) lib/rack/sendfile.rb:111:in `call'
railties (5.2.2) lib/rails/engine.rb:524:in `call'
puma (3.12.0) lib/puma/configuration.rb:225:in `call'
puma (3.12.0) lib/puma/server.rb:658:in `handle_request'
puma (3.12.0) lib/puma/server.rb:472:in `process_client'
puma (3.12.0) lib/puma/server.rb:332:in `block in run'
puma (3.12.0) lib/puma/thread_pool.rb:133:in `block in spawn_thread'
Started POST "/users/create?user[username]=test" for 127.0.0.1 at 2019-01-28 17:05:18 -0800
  
ActionController::RoutingError (No route matches [POST] "/users/create"):
  
actionpack (5.2.2) lib/action_dispatch/middleware/debug_exceptions.rb:65:in `call'
web-console (3.7.0) lib/web_console/middleware.rb:135:in `call_app'
web-console (3.7.0) lib/web_console/middleware.rb:30:in `block in call'
web-console (3.7.0) lib/web_console/middleware.rb:20:in `catch'
web-console (3.7.0) lib/web_console/middleware.rb:20:in `call'
actionpack (5.2.2) lib/action_dispatch/middleware/show_exceptions.rb:33:in `call'
railties (5.2.2) lib/rails/rack/logger.rb:38:in `call_app'
railties (5.2.2) lib/rails/rack/logger.rb:26:in `block in call'
activesupport (5.2.2) lib/active_support/tagged_logging.rb:71:in `block in tagged'
activesupport (5.2.2) lib/active_support/tagged_logging.rb:28:in `tagged'
activesupport (5.2.2) lib/active_support/tagged_logging.rb:71:in `tagged'
railties (5.2.2) lib/rails/rack/logger.rb:26:in `call'
sprockets-rails (3.2.1) lib/sprockets/rails/quiet_assets.rb:13:in `call'
actionpack (5.2.2) lib/action_dispatch/middleware/remote_ip.rb:81:in `call'
actionpack (5.2.2) lib/action_dispatch/middleware/request_id.rb:27:in `call'
rack (2.0.6) lib/rack/method_override.rb:22:in `call'
rack (2.0.6) lib/rack/runtime.rb:22:in `call'
activesupport (5.2.2) lib/active_support/cache/strategy/local_cache_middleware.rb:29:in `call'
actionpack (5.2.2) lib/action_dispatch/middleware/executor.rb:14:in `call'
actionpack (5.2.2) lib/action_dispatch/middleware/static.rb:127:in `call'
rack (2.0.6) lib/rack/sendfile.rb:111:in `call'
railties (5.2.2) lib/rails/engine.rb:524:in `call'
puma (3.12.0) lib/puma/configuration.rb:225:in `call'
puma (3.12.0) lib/puma/server.rb:658:in `handle_request'
puma (3.12.0) lib/puma/server.rb:472:in `process_client'
puma (3.12.0) lib/puma/server.rb:332:in `block in run'
puma (3.12.0) lib/puma/thread_pool.rb:133:in `block in spawn_thread'
Started POST "/users/?user[username]=test" for 127.0.0.1 at 2019-01-28 17:05:37 -0800
Processing by UsersController#create as */*
  Parameters: {"user"=>{"username"=>"test"}}
Can't verify CSRF token authenticity.
Completed 422 Unprocessable Entity in 1ms (ActiveRecord: 0.0ms)



ActionController::InvalidAuthenticityToken - ActionController::InvalidAuthenticityToken:

Started POST "/users/?user[username]=test" for 127.0.0.1 at 2019-01-28 17:11:37 -0800
Processing by UsersController#create as */*
  Parameters: {"user"=>{"username"=>"test"}}
Can't verify CSRF token authenticity.
Completed 422 Unprocessable Entity in 1ms (ActiveRecord: 0.0ms)



ActionController::InvalidAuthenticityToken - ActionController::InvalidAuthenticityToken:

Started POST "/users/?user[username]=test" for 127.0.0.1 at 2019-01-28 17:11:54 -0800
  [1m[35m (16.9ms)[0m  [1m[34mSELECT "schema_migrations"."version" FROM "schema_migrations" ORDER BY "schema_migrations"."version" ASC[0m
  ↳ /usr/local/var/rbenv/versions/2.5.0/lib/ruby/gems/2.5.0/gems/activerecord-5.2.2/lib/active_record/log_subscriber.rb:98
Processing by UsersController#create as */*
  Parameters: {"user"=>{"username"=>"test"}}
Unpermitted parameter: :username
  [1m[35m (0.2ms)[0m  [1m[35mBEGIN[0m
  ↳ app/controllers/users_controller.rb:10
  [1m[36mUser Exists (0.9ms)[0m  [1m[34mSELECT  1 AS one FROM "users" WHERE "users"."username" IS NULL LIMIT $1[0m  [["LIMIT", 1]]
  ↳ app/controllers/users_controller.rb:10
  [1m[35m (0.2ms)[0m  [1m[31mROLLBACK[0m
  ↳ app/controllers/users_controller.rb:10
Completed 422 Unprocessable Entity in 87ms (Views: 0.3ms | ActiveRecord: 7.6ms)


Started POST "/users/?user[username]=test" for 127.0.0.1 at 2019-01-28 17:12:57 -0800
Processing by UsersController#create as */*
  Parameters: {"user"=>{"username"=>"test"}}
  [1m[35m (0.2ms)[0m  [1m[35mBEGIN[0m
  ↳ app/controllers/users_controller.rb:10
  [1m[36mUser Exists (0.7ms)[0m  [1m[34mSELECT  1 AS one FROM "users" WHERE "users"."username" = $1 LIMIT $2[0m  [["username", "test"], ["LIMIT", 1]]
  ↳ app/controllers/users_controller.rb:10
  [1m[36mUser Create (0.7ms)[0m  [1m[32mINSERT INTO "users" ("username", "created_at", "updated_at") VALUES ($1, $2, $3) RETURNING "id"[0m  [["username", "test"], ["created_at", "2019-01-29 01:12:57.734553"], ["updated_at", "2019-01-29 01:12:57.734553"]]
  ↳ app/controllers/users_controller.rb:10
  [1m[35m (0.6ms)[0m  [1m[35mCOMMIT[0m
  ↳ app/controllers/users_controller.rb:10
Completed 200 OK in 60ms (Views: 1.0ms | ActiveRecord: 7.4ms)


Started DELETE "/users/5" for 127.0.0.1 at 2019-01-28 17:13:11 -0800
Processing by UsersController#destroy as */*
  Parameters: {"id"=>"5"}
  [1m[36mUser Load (0.5ms)[0m  [1m[34mSELECT  "users".* FROM "users" WHERE "users"."id" = $1 LIMIT $2[0m  [["id", 5], ["LIMIT", 1]]
  ↳ app/controllers/users_controller.rb:36
  [1m[35m (0.2ms)[0m  [1m[35mBEGIN[0m
  ↳ app/controllers/users_controller.rb:38
  [1m[36mUser Destroy (0.6ms)[0m  [1m[31mDELETE FROM "users" WHERE "users"."id" = $1[0m  [["id", 5]]
  ↳ app/controllers/users_controller.rb:38
  [1m[35m (0.6ms)[0m  [1m[35mCOMMIT[0m
  ↳ app/controllers/users_controller.rb:38
Completed 200 OK in 51ms (Views: 0.5ms | ActiveRecord: 2.4ms)


Started POST "/artwork_shares?share[viewer_id]=2&share[artwork_id]=3" for 127.0.0.1 at 2019-01-28 17:22:46 -0800
Processing by ArtworkSharesController#create as */*
  Parameters: {"share"=>{"viewer_id"=>"2", "artwork_id"=>"3"}}
  [1m[35m (0.2ms)[0m  [1m[35mBEGIN[0m
  ↳ app/controllers/artwork_shares_controller.rb:5
  [1m[36mArtwork Load (0.6ms)[0m  [1m[34mSELECT  "artworks".* FROM "artworks" WHERE "artworks"."id" = $1 LIMIT $2[0m  [["id", 3], ["LIMIT", 1]]
  ↳ app/controllers/artwork_shares_controller.rb:5
  [1m[36mUser Load (0.5ms)[0m  [1m[34mSELECT  "users".* FROM "users" WHERE "users"."id" = $1 LIMIT $2[0m  [["id", 2], ["LIMIT", 1]]
  ↳ app/controllers/artwork_shares_controller.rb:5
  [1m[36mArtworkShare Create (32.8ms)[0m  [1m[32mINSERT INTO "artwork_shares" ("artwork_id", "viewer_id", "created_at", "updated_at") VALUES ($1, $2, $3, $4) RETURNING "id"[0m  [["artwork_id", 3], ["viewer_id", 2], ["created_at", "2019-01-29 01:22:46.960544"], ["updated_at", "2019-01-29 01:22:46.960544"]]
  ↳ app/controllers/artwork_shares_controller.rb:5
  [1m[35m (0.2ms)[0m  [1m[31mROLLBACK[0m
  ↳ app/controllers/artwork_shares_controller.rb:5
Completed 500 Internal Server Error in 145ms (ActiveRecord: 53.1ms)



PG::UniqueViolation - ERROR:  duplicate key value violates unique constraint "index_artwork_shares_on_viewer_id_and_artwork_id"
DETAIL:  Key (viewer_id, artwork_id)=(2, 3) already exists.
:
  app/controllers/artwork_shares_controller.rb:5:in `create'

Started POST "/artwork_shares?share[viewer_id]=3&share[artwork_id]=2" for 127.0.0.1 at 2019-01-28 17:23:07 -0800
Processing by ArtworkSharesController#create as */*
  Parameters: {"share"=>{"viewer_id"=>"3", "artwork_id"=>"2"}}
  [1m[35m (0.2ms)[0m  [1m[35mBEGIN[0m
  ↳ app/controllers/artwork_shares_controller.rb:5
  [1m[36mArtwork Load (0.4ms)[0m  [1m[34mSELECT  "artworks".* FROM "artworks" WHERE "artworks"."id" = $1 LIMIT $2[0m  [["id", 2], ["LIMIT", 1]]
  ↳ app/controllers/artwork_shares_controller.rb:5
  [1m[36mUser Load (0.3ms)[0m  [1m[34mSELECT  "users".* FROM "users" WHERE "users"."id" = $1 LIMIT $2[0m  [["id", 3], ["LIMIT", 1]]
  ↳ app/controllers/artwork_shares_controller.rb:5
  [1m[36mArtworkShare Create (0.6ms)[0m  [1m[32mINSERT INTO "artwork_shares" ("artwork_id", "viewer_id", "created_at", "updated_at") VALUES ($1, $2, $3, $4) RETURNING "id"[0m  [["artwork_id", 2], ["viewer_id", 3], ["created_at", "2019-01-29 01:23:07.234297"], ["updated_at", "2019-01-29 01:23:07.234297"]]
  ↳ app/controllers/artwork_shares_controller.rb:5
  [1m[35m (0.5ms)[0m  [1m[35mCOMMIT[0m
  ↳ app/controllers/artwork_shares_controller.rb:5
Completed 200 OK in 8ms (Views: 0.5ms | ActiveRecord: 2.0ms)


Started DELETE "/artwork_shares/5" for 127.0.0.1 at 2019-01-28 17:23:37 -0800
Processing by ArtworkSharesController#destroy as */*
  Parameters: {"id"=>"5"}
  [1m[36mArtworkShare Load (0.5ms)[0m  [1m[34mSELECT  "artwork_shares".* FROM "artwork_shares" WHERE "artwork_shares"."id" = $1 LIMIT $2[0m  [["id", 5], ["LIMIT", 1]]
  ↳ app/controllers/artwork_shares_controller.rb:13
Completed 200 OK in 3ms (Views: 0.5ms | ActiveRecord: 0.5ms)


Started DELETE "/artwork_shares/5" for 127.0.0.1 at 2019-01-28 17:23:57 -0800
Processing by ArtworkSharesController#destroy as */*
  Parameters: {"id"=>"5"}
  [1m[36mArtworkShare Load (0.4ms)[0m  [1m[34mSELECT  "artwork_shares".* FROM "artwork_shares" WHERE "artwork_shares"."id" = $1 LIMIT $2[0m  [["id", 5], ["LIMIT", 1]]
  ↳ app/controllers/artwork_shares_controller.rb:13
Completed 200 OK in 2ms (Views: 0.5ms | ActiveRecord: 0.4ms)


Started DELETE "/artwork_shares/5" for 127.0.0.1 at 2019-01-28 17:24:00 -0800
Processing by ArtworkSharesController#destroy as */*
  Parameters: {"id"=>"5"}
  [1m[36mArtworkShare Load (0.5ms)[0m  [1m[34mSELECT  "artwork_shares".* FROM "artwork_shares" WHERE "artwork_shares"."id" = $1 LIMIT $2[0m  [["id", 5], ["LIMIT", 1]]
  ↳ app/controllers/artwork_shares_controller.rb:13
Completed 200 OK in 3ms (Views: 0.6ms | ActiveRecord: 0.5ms)


Started DELETE "/artwork_shares/5" for 127.0.0.1 at 2019-01-28 17:24:00 -0800
Processing by ArtworkSharesController#destroy as */*
  Parameters: {"id"=>"5"}
  [1m[36mArtworkShare Load (0.8ms)[0m  [1m[34mSELECT  "artwork_shares".* FROM "artwork_shares" WHERE "artwork_shares"."id" = $1 LIMIT $2[0m  [["id", 5], ["LIMIT", 1]]
  ↳ app/controllers/artwork_shares_controller.rb:13
Completed 200 OK in 7ms (Views: 0.6ms | ActiveRecord: 0.8ms)


Started DELETE "/artwork_shares/5" for 127.0.0.1 at 2019-01-28 17:24:52 -0800
Processing by ArtworkSharesController#destroy as */*
  Parameters: {"id"=>"5"}
  [1m[36mArtworkShare Load (0.4ms)[0m  [1m[34mSELECT  "artwork_shares".* FROM "artwork_shares" WHERE "artwork_shares"."id" = $1 LIMIT $2[0m  [["id", 5], ["LIMIT", 1]]
  ↳ app/controllers/artwork_shares_controller.rb:13
  [1m[35m (0.2ms)[0m  [1m[35mBEGIN[0m
  ↳ app/controllers/artwork_shares_controller.rb:15
  [1m[36mArtworkShare Destroy (0.5ms)[0m  [1m[31mDELETE FROM "artwork_shares" WHERE "artwork_shares"."id" = $1[0m  [["id", 5]]
  ↳ app/controllers/artwork_shares_controller.rb:15
  [1m[36mUser Load (0.3ms)[0m  [1m[34mSELECT  "users".* FROM "users" WHERE "users"."id" = $1 LIMIT $2[0m  [["id", 3], ["LIMIT", 1]]
  ↳ app/controllers/artwork_shares_controller.rb:15
  [1m[36mUser Destroy (0.4ms)[0m  [1m[31mDELETE FROM "users" WHERE "users"."id" = $1[0m  [["id", 3]]
  ↳ app/controllers/artwork_shares_controller.rb:15
  [1m[35m (0.5ms)[0m  [1m[35mCOMMIT[0m
  ↳ app/controllers/artwork_shares_controller.rb:15
Completed 200 OK in 52ms (Views: 0.4ms | ActiveRecord: 12.9ms)


Started DELETE "/artwork_shares/5" for 127.0.0.1 at 2019-01-28 17:24:53 -0800
Processing by ArtworkSharesController#destroy as */*
  Parameters: {"id"=>"5"}
  [1m[36mArtworkShare Load (0.4ms)[0m  [1m[34mSELECT  "artwork_shares".* FROM "artwork_shares" WHERE "artwork_shares"."id" = $1 LIMIT $2[0m  [["id", 5], ["LIMIT", 1]]
  ↳ app/controllers/artwork_shares_controller.rb:13
Completed 500 Internal Server Error in 3ms (ActiveRecord: 0.4ms)



NoMethodError - undefined method `destroy' for nil:NilClass:
  app/controllers/artwork_shares_controller.rb:15:in `destroy'

Started DELETE "/artwork_shares/5" for 127.0.0.1 at 2019-01-28 17:25:10 -0800
Processing by ArtworkSharesController#destroy as */*
  Parameters: {"id"=>"5"}
  [1m[36mArtworkShare Load (0.2ms)[0m  [1m[34mSELECT  "artwork_shares".* FROM "artwork_shares" WHERE "artwork_shares"."id" = $1 LIMIT $2[0m  [["id", 5], ["LIMIT", 1]]
  ↳ app/controllers/artwork_shares_controller.rb:13
Completed 500 Internal Server Error in 66ms (ActiveRecord: 2.4ms)



ActionView::MissingTemplate - Missing template artwork_shares/Unable to find share, application/Unable to find share with {:locale=>[:en], :formats=>[:html, :text, :js, :css, :ics, :csv, :vcf, :vtt, :png, :jpeg, :gif, :bmp, :tiff, :svg, :mpeg, :mp3, :ogg, :m4a, :webm, :mp4, :otf, :ttf, :woff, :woff2, :xml, :rss, :atom, :yaml, :multipart_form, :url_encoded_form, :json, :pdf, :zip, :gzip], :variants=>[], :handlers=>[:raw, :erb, :html, :builder, :ruby, :coffee, :jbuilder]}. Searched in:
  * "/Users/appacademy/Desktop/W4D1/ArtShare/app/views"
:
  app/controllers/artwork_shares_controller.rb:19:in `destroy'

Started GET "/users/2/artworks" for 127.0.0.1 at 2019-01-28 17:31:51 -0800
Processing by ArtworksController#index as */*
  Parameters: {"user_id"=>"2"}
  [1m[36mArtwork Load (13.8ms)[0m  [1m[34mSELECT  "artworks".* FROM "artworks" WHERE "artworks"."author_id" = $1 LIMIT $2[0m  [["author_id", "2"], ["LIMIT", 1]]
  ↳ app/controllers/artworks_controller.rb:4
Completed 500 Internal Server Error in 33ms (ActiveRecord: 18.7ms)



PG::UndefinedColumn - ERROR:  column artworks.author_id does not exist
LINE 1: SELECT  "artworks".* FROM "artworks" WHERE "artworks"."autho...
                                                   ^
:
  app/controllers/artworks_controller.rb:4:in `index'

Started GET "/users/2/artworks" for 127.0.0.1 at 2019-01-28 17:32:50 -0800
Processing by ArtworksController#index as */*
  Parameters: {"user_id"=>"2"}
  [1m[36mArtwork Load (0.7ms)[0m  [1m[34mSELECT  "artworks".* FROM "artworks" WHERE "artworks"."artist_id" = $1 LIMIT $2[0m  [["artist_id", 2], ["LIMIT", 1]]
  ↳ app/controllers/artworks_controller.rb:4
Completed 200 OK in 44ms (Views: 0.5ms | ActiveRecord: 8.3ms)


Started GET "/users/2/artworks" for 127.0.0.1 at 2019-01-28 17:33:59 -0800
Processing by ArtworksController#index as */*
  Parameters: {"user_id"=>"2"}
  [1m[36mArtwork Load (0.4ms)[0m  [1m[34mSELECT  "artworks".* FROM "artworks" WHERE "artworks"."artist_id" = $1 LIMIT $2[0m  [["artist_id", 2], ["LIMIT", 1]]
  ↳ app/controllers/artworks_controller.rb:4
Completed 500 Internal Server Error in 58ms (ActiveRecord: 6.5ms)



NoMethodError - undefined method `find_by' for #<Artwork:0x00007f9249e57c38>:
  app/controllers/artworks_controller.rb:4:in `index'

Started GET "/users/2/artworks" for 127.0.0.1 at 2019-01-28 17:34:20 -0800
Processing by ArtworksController#index as */*
  Parameters: {"user_id"=>"2"}
  [1m[36mArtwork Load (0.7ms)[0m  [1m[34mSELECT  "artworks".* FROM "artworks" WHERE "artworks"."artist_id" = $1 LIMIT $2[0m  [["artist_id", 2], ["LIMIT", 1]]
  ↳ app/controllers/artworks_controller.rb:4
Completed 500 Internal Server Error in 38ms (ActiveRecord: 10.5ms)



NoMethodError - undefined method `join' for #<Artwork:0x00007f924e063c08>:
  app/controllers/artworks_controller.rb:4:in `index'

Started GET "/users/2/artworks" for 127.0.0.1 at 2019-01-28 17:34:31 -0800
Processing by ArtworksController#index as */*
  Parameters: {"user_id"=>"2"}
Completed 500 Internal Server Error in 38ms (ActiveRecord: 0.0ms)



NoMethodError - undefined method `join' for #<Class:0x00007f9248f20b70>
Did you mean?  joins:
  app/controllers/artworks_controller.rb:4:in `index'

Started GET "/users/2/artworks" for 127.0.0.1 at 2019-01-28 17:34:43 -0800
Processing by ArtworksController#index as */*
  Parameters: {"user_id"=>"2"}
Completed 500 Internal Server Error in 37ms (ActiveRecord: 3.1ms)



ActiveRecord::ConfigurationError - Can't join 'Artwork' to association named 'shared_artworks'; perhaps you misspelled it?:
  app/controllers/artworks_controller.rb:4:in `index'

Started GET "/users/2/artworks" for 127.0.0.1 at 2019-01-28 17:36:22 -0800
Processing by ArtworksController#index as */*
  Parameters: {"user_id"=>"2"}
  [1m[36mArtwork Load (12.1ms)[0m  [1m[34mSELECT  "artworks".* FROM "artworks" INNER JOIN "artwork_shares" ON "artwork_shares"."artwork_id" = "artworks"."id" INNER JOIN "users" ON "users"."id" = "artwork_shares"."viewer_id" WHERE "artworks"."artist_id" = $1 LIMIT $2[0m  [["artist_id", 2], ["LIMIT", 1]]
  ↳ app/controllers/artworks_controller.rb:4
Completed 200 OK in 103ms (Views: 0.5ms | ActiveRecord: 19.7ms)


